[debug] [2023-10-25T12:10:25.424Z] ----------------------------------------------------------------------
[debug] [2023-10-25T12:10:25.425Z] Command:       C:\Program Files\nodejs\node.exe C:\Users\The M\AppData\Roaming\npm\node_modules\firebase-tools\lib\bin\firebase.js deploy
[debug] [2023-10-25T12:10:25.426Z] CLI Version:   12.7.0
[debug] [2023-10-25T12:10:25.426Z] Platform:      win32
[debug] [2023-10-25T12:10:25.426Z] Node Version:  v18.12.0
[debug] [2023-10-25T12:10:25.427Z] Time:          Wed Oct 25 2023 09:10:25 GMT-0300 (hora estándar de Argentina)
[debug] [2023-10-25T12:10:25.427Z] ----------------------------------------------------------------------
[debug] 
[debug] [2023-10-25T12:10:25.501Z] > command requires scopes: ["email","openid","https://www.googleapis.com/auth/cloudplatformprojects.readonly","https://www.googleapis.com/auth/firebase","https://www.googleapis.com/auth/cloud-platform"]
[debug] [2023-10-25T12:10:25.502Z] > authorizing via signed-in user (sistemas@corporatefitness.com.ar)
[debug] [2023-10-25T12:10:25.502Z] [iam] checking project lmtechlanding for permissions ["firebase.projects.get","firebasehosting.sites.update"]
[debug] [2023-10-25T12:10:25.503Z] > refreshing access token with scopes: []
[debug] [2023-10-25T12:10:25.505Z] >>> [apiv2][query] POST https://www.googleapis.com/oauth2/v3/token [none]
[debug] [2023-10-25T12:10:25.505Z] >>> [apiv2][body] POST https://www.googleapis.com/oauth2/v3/token [omitted]
[debug] [2023-10-25T12:10:25.665Z] <<< [apiv2][status] POST https://www.googleapis.com/oauth2/v3/token 200
[debug] [2023-10-25T12:10:25.666Z] <<< [apiv2][body] POST https://www.googleapis.com/oauth2/v3/token [omitted]
[debug] [2023-10-25T12:10:25.671Z] >>> [apiv2][query] POST https://cloudresourcemanager.googleapis.com/v1/projects/lmtechlanding:testIamPermissions [none]
[debug] [2023-10-25T12:10:25.671Z] >>> [apiv2][(partial)header] POST https://cloudresourcemanager.googleapis.com/v1/projects/lmtechlanding:testIamPermissions x-goog-quota-user=projects/lmtechlanding
[debug] [2023-10-25T12:10:25.671Z] >>> [apiv2][body] POST https://cloudresourcemanager.googleapis.com/v1/projects/lmtechlanding:testIamPermissions {"permissions":["firebase.projects.get","firebasehosting.sites.update"]}
[debug] [2023-10-25T12:10:26.627Z] <<< [apiv2][status] POST https://cloudresourcemanager.googleapis.com/v1/projects/lmtechlanding:testIamPermissions 200
[debug] [2023-10-25T12:10:26.627Z] <<< [apiv2][body] POST https://cloudresourcemanager.googleapis.com/v1/projects/lmtechlanding:testIamPermissions {}
[debug] [2023-10-25T12:10:26.627Z] [iam] error while checking permissions, command may fail: FirebaseError: Authorization failed. This account is missing the following required permissions on project lmtechlanding:

  firebase.projects.get
  firebasehosting.sites.update
[debug] [2023-10-25T12:10:26.628Z] >>> [apiv2][query] GET https://firebase.googleapis.com/v1beta1/projects/lmtechlanding [none]
[debug] [2023-10-25T12:10:26.948Z] <<< [apiv2][status] GET https://firebase.googleapis.com/v1beta1/projects/lmtechlanding 403
[debug] [2023-10-25T12:10:26.948Z] <<< [apiv2][body] GET https://firebase.googleapis.com/v1beta1/projects/lmtechlanding {"error":{"code":403,"message":"The caller does not have permission","status":"PERMISSION_DENIED"}}
[debug] [2023-10-25T12:10:26.949Z] HTTP Error: 403, The caller does not have permission
[debug] [2023-10-25T12:10:27.027Z] FirebaseError: HTTP Error: 403, The caller does not have permission
    at responseToError (C:\Users\The M\AppData\Roaming\npm\node_modules\firebase-tools\lib\responseToError.js:49:12)
    at RetryOperation._fn (C:\Users\The M\AppData\Roaming\npm\node_modules\firebase-tools\lib\apiv2.js:285:77)
    at process.processTicksAndRejections (node:internal/process/task_queues:95:5)
[error] 
[error] Error: Failed to get Firebase project lmtechlanding. Please make sure the project exists and your account has permission to access it.
